24.04.2025, 18:33:54 + "
" [ERROR] + "
" (printf.js:11): Ошибка: Unexpected token '"', ""74801280f"... is not valid JSON
02.05.2025, 14:51:52 + "
" [ERROR] + "
" (printf.js:11): Возникла ошибка в setup.js: syntax error at or near "PRIMARY"
02.05.2025, 14:52:15 + "
" [ERROR] + "
" (printf.js:11): Возникла ошибка в setup.js: syntax error at or near "PRIMARY"
02.05.2025, 14:52:18 + "
" [ERROR] + "
" (printf.js:11): Возникла ошибка в setup.js: syntax error at or near ")"
02.05.2025, 14:52:20 + "
" [ERROR] + "
" (printf.js:11): Возникла ошибка в setup.js: syntax error at or near ")"
02.05.2025, 14:52:24 + "
" [ERROR] + "
" (printf.js:11): Возникла ошибка в setup.js: foreign key constraint "votes_user_id_fkey" cannot be implemented
02.05.2025, 14:52:31 + "
" [ERROR] + "
" (printf.js:11): Возникла ошибка в setup.js: foreign key constraint "votes_user_id_fkey" cannot be implemented
02.05.2025, 14:52:52 + "
" [ERROR] + "
" (printf.js:11): Возникла ошибка в setup.js: foreign key constraint "votes_user_id_fkey" cannot be implemented
22.05.2025, 19:42:17 + "
" [ERROR] + "
" (printf.js:11): Возникла ошибка при проверке покупки : syntax error at or near "RETURNING"
27.05.2025, 17:37:48 + "
" [ERROR] + "
" (printf.js:11): Возникла ошибка в addPurchase invalid input syntax for type integer: "undefined"
27.05.2025, 17:41:19 + "
" [ERROR] + "
" (printf.js:11):  (updateUser) Возникла ошибка в updateUser: invalid input syntax for type integer: "NaN"
27.05.2025, 17:41:43 + "
" [ERROR] + "
" (printf.js:11):  (updateUser) Возникла ошибка в updateUser: invalid input syntax for type integer: "NaN"
27.05.2025, 17:43:00 + "
" [ERROR] + "
" (printf.js:11):  (updateUser) Возникла ошибка в updateUser: invalid input syntax for type integer: "NaN"
27.05.2025, 17:43:03 + "
" [ERROR] + "
" (printf.js:11):  (updateUser) Возникла ошибка в updateUser: invalid input syntax for type integer: "NaN"
01.06.2025, 10:19:39 + "
" [ERROR] + "
" (printf.js:11):  (FindChannel) Error processing genre:
