2025-02-23T08:44:26.115Z , [INFO] : –≠—Ç–æ –∏–Ω—Ñ–æ—Ä–º–∞—Ü–∏–æ–Ω–Ω—ã–π –ª–æ–≥
2025-02-23T08:44:26.116Z , [WARN] : –≠—Ç–æ –ø—Ä–µ–¥—É–ø—Ä–µ–∂–¥–µ–Ω–∏–µ
2025-02-23T08:44:26.116Z , [ERROR] : –≠—Ç–æ –æ—à–∏–±–∫–∞!
2025-02-23T08:46:35.617Z , [INFO] : –≠—Ç–æ –∏–Ω—Ñ–æ—Ä–º–∞—Ü–∏–æ–Ω–Ω—ã–π –ª–æ–≥
2025-02-23T08:46:35.619Z , [WARN] : –≠—Ç–æ –ø—Ä–µ–¥—É–ø—Ä–µ–∂–¥–µ–Ω–∏–µ
2025-02-23T08:46:35.619Z , [ERROR] : –≠—Ç–æ –æ—à–∏–±–∫–∞!
2025-02-23T08:46:54.919Z , [INFO] : –°–µ—Ä–≤–µ—Ä –∑–∞–ø—É—â–µ–Ω –Ω–∞ –ø–æ—Ä—Ç–µ:
2025-02-23T17:54:21.086Z , [INFO] : –í–æ–∑–Ω–∏–∫–ª–∞ –æ—à–∏–±–∫–∞ –≤ fetchChannelData :  Unexpected token '<', "<!DOCTYPE "... is not valid JSON
2025-02-23T18:01:56.897Z [INFO] (printf.js:11): –í–æ–∑–Ω–∏–∫–ª–∞ –æ—à–∏–±–∫–∞ –≤ fetchChannelData :  Unexpected token '<', "<!DOCTYPE "... is not valid JSON
2025-02-23T18:02:41.847Z + "
" [INFO] (printf.js:11): –í–æ–∑–Ω–∏–∫–ª–∞ –æ—à–∏–±–∫–∞ –≤ fetchChannelData :  Unexpected token '<', "<!DOCTYPE "... is not valid JSON
2025-02-23T18:03:02.506Z + "
" [INFO] + "
" (printf.js:11): –í–æ–∑–Ω–∏–∫–ª–∞ –æ—à–∏–±–∫–∞ –≤ fetchChannelData :  Unexpected token '<', "<!DOCTYPE "... is not valid JSON
2025-03-01T08:25:40.817Z + "
" [INFO] + "
" (printf.js:11): –ü—Ä–æ–∏–∑–æ—à–ª–∞ –æ—à–∏–±–∫–∞:
2025-03-02T11:03:10.500Z + "
" [INFO] + "
" (printf.js:11): –ü—Ä–æ–∏–∑–æ—à–ª–∞ –æ—à–∏–±–∫–∞:
2025-03-02T12:11:50.623Z + "
" [INFO] + "
" (printf.js:11): –ü—Ä–æ–∏–∑–æ—à–ª–∞ –æ—à–∏–±–∫–∞:
2025-03-03T15:06:11.472Z + "
" [ERROR] + "
" (printf.js:11): –û—à–∏–±–∫–∞ –≤ –ø–∞—Ä—Å–µ—Ä–µ: file:///Users/nazarkuratnikov/Desktop/Project%20X%C2%A0/markcomb/src/backend/node_modules/puppeteer-core/lib/esm/puppeteer/cdp/Frame.js:180
                        ? new Error(`${response.errorText} at ${url}`)
                          ^

Error: net::ERR_INVALID_AUTH_CREDENTIALS at https://www.youtube.com/watch?v=GQCYqBzhYD4
    at navigate (file:///Users/nazarkuratnikov/Desktop/Project%20X%C2%A0/markcomb/src/backend/node_modules/puppeteer-core/lib/esm/puppeteer/cdp/Frame.js:180:27)
    at async Deferred.race (file:///Users/nazarkuratnikov/Desktop/Project%20X%C2%A0/markcomb/src/backend/node_modules/puppeteer-core/lib/esm/puppeteer/util/Deferred.js:33:20)
    at async CdpFrame.goto (file:///Users/nazarkuratnikov/Desktop/Project%20X%C2%A0/markcomb/src/backend/node_modules/puppeteer-core/lib/esm/puppeteer/cdp/Frame.js:146:25)
    at async CdpPage.goto (file:///Users/nazarkuratnikov/Desktop/Project%20X%C2%A0/markcomb/src/backend/node_modules/puppeteer-core/lib/esm/puppeteer/api/Page.js:570:20)
    at async getYouTubeKeywords (file:///Users/nazarkuratnikov/Desktop/Project%20X%C2%A0/markcomb/src/backend/parsers/tagsParser.js:81:3)
    at async tagsReceiptAutomation (file:///Users/nazarkuratnikov/Desktop/Project%20X%C2%A0/markcomb/src/backend/parsers/tagsParser.js:138:18)
    at async file:///Users/nazarkuratnikov/Desktop/Project%20X%C2%A0/markcomb/src/backend/parsers/tagsParser.js:155:3

Node.js v20.17.0

03.03.2025, 18:13:29 + "
" [ERROR] + "
" (printf.js:11): –û—à–∏–±–∫–∞ –≤ –ø–∞—Ä—Å–µ—Ä–µ: file:///Users/nazarkuratnikov/Desktop/Project%20X%C2%A0/markcomb/src/backend/node_modules/puppeteer-core/lib/esm/puppeteer/cdp/Frame.js:180
                        ? new Error(`${response.errorText} at ${url}`)
                          ^

Error: net::ERR_INVALID_AUTH_CREDENTIALS at https://www.youtube.com/watch?v=GQCYqBzhYD4
    at navigate (file:///Users/nazarkuratnikov/Desktop/Project%20X%C2%A0/markcomb/src/backend/node_modules/puppeteer-core/lib/esm/puppeteer/cdp/Frame.js:180:27)
    at async Deferred.race (file:///Users/nazarkuratnikov/Desktop/Project%20X%C2%A0/markcomb/src/backend/node_modules/puppeteer-core/lib/esm/puppeteer/util/Deferred.js:33:20)
    at async CdpFrame.goto (file:///Users/nazarkuratnikov/Desktop/Project%20X%C2%A0/markcomb/src/backend/node_modules/puppeteer-core/lib/esm/puppeteer/cdp/Frame.js:146:25)
    at async CdpPage.goto (file:///Users/nazarkuratnikov/Desktop/Project%20X%C2%A0/markcomb/src/backend/node_modules/puppeteer-core/lib/esm/puppeteer/api/Page.js:570:20)
    at async getYouTubeKeywords (file:///Users/nazarkuratnikov/Desktop/Project%20X%C2%A0/markcomb/src/backend/parsers/tagsParser.js:81:3)
    at async tagsReceiptAutomation (file:///Users/nazarkuratnikov/Desktop/Project%20X%C2%A0/markcomb/src/backend/parsers/tagsParser.js:138:18)
    at async file:///Users/nazarkuratnikov/Desktop/Project%20X%C2%A0/markcomb/src/backend/parsers/tagsParser.js:155:3

Node.js v20.17.0

03.03.2025, 18:16:22 + "
" [ERROR] + "
" (printf.js:11): –û—à–∏–±–∫–∞ –≤ –ø–∞—Ä—Å–µ—Ä–µ —Ç—ç–≥–æ–≤: file:///Users/nazarkuratnikov/Desktop/Project%20X%C2%A0/markcomb/src/backend/node_modules/puppeteer-core/lib/esm/puppeteer/cdp/Frame.js:180
                        ? new Error(`${response.errorText} at ${url}`)
                          ^

Error: net::ERR_INVALID_AUTH_CREDENTIALS at https://www.youtube.com/watch?v=GQCYqBzhYD4
    at navigate (file:///Users/nazarkuratnikov/Desktop/Project%20X%C2%A0/markcomb/src/backend/node_modules/puppeteer-core/lib/esm/puppeteer/cdp/Frame.js:180:27)
    at async Deferred.race (file:///Users/nazarkuratnikov/Desktop/Project%20X%C2%A0/markcomb/src/backend/node_modules/puppeteer-core/lib/esm/puppeteer/util/Deferred.js:33:20)
    at async CdpFrame.goto (file:///Users/nazarkuratnikov/Desktop/Project%20X%C2%A0/markcomb/src/backend/node_modules/puppeteer-core/lib/esm/puppeteer/cdp/Frame.js:146:25)
    at async CdpPage.goto (file:///Users/nazarkuratnikov/Desktop/Project%20X%C2%A0/markcomb/src/backend/node_modules/puppeteer-core/lib/esm/puppeteer/api/Page.js:570:20)
    at async getYouTubeKeywords (file:///Users/nazarkuratnikov/Desktop/Project%20X%C2%A0/markcomb/src/backend/parsers/tagsParser.js:81:3)
    at async tagsReceiptAutomation (file:///Users/nazarkuratnikov/Desktop/Project%20X%C2%A0/markcomb/src/backend/parsers/tagsParser.js:138:18)
    at async file:///Users/nazarkuratnikov/Desktop/Project%20X%C2%A0/markcomb/src/backend/parsers/tagsParser.js:155:3

Node.js v20.17.0

04.03.2025, 16:36:39 + "
" [INFO] + "
" (printf.js:11): relation "verification_codes" does not exist
04.03.2025, 19:32:51 + "
" [INFO] + "
" (printf.js:11): Error sending verification email: No recipients defined
04.03.2025, 19:34:14 + "
" [INFO] + "
" (printf.js:11): Error sending verification email: No recipients defined
04.03.2025, 19:35:54 + "
" [INFO] + "
" (printf.js:11): Error sending verification email: No recipients defined
04.03.2025, 19:36:34 + "
" [INFO] + "
" (printf.js:11): Error sending verification email: No recipients defined
04.03.2025, 19:37:26 + "
" [INFO] + "
" (printf.js:11): Error sending verification email: No recipients defined
04.03.2025, 19:38:24 + "
" [INFO] + "
" (printf.js:11): Error sending verification email: No recipients defined
04.03.2025, 19:38:28 + "
" [INFO] + "
" (printf.js:11): Error sending verification email: No recipients defined
04.03.2025, 19:38:44 + "
" [INFO] + "
" (printf.js:11): Error sending verification email: No recipients defined
04.03.2025, 19:39:00 + "
" [INFO] + "
" (printf.js:11): Error sending verification email: No recipients defined
04.03.2025, 19:40:35 + "
" [INFO] + "
" (printf.js:11): Error sending verification email: No recipients defined
04.03.2025, 19:40:55 + "
" [INFO] + "
" (printf.js:11): Error sending verification email: No recipients defined
04.03.2025, 19:41:18 + "
" [INFO] + "
" (printf.js:11): Error sending verification email: No recipients defined
04.03.2025, 19:41:39 + "
" [INFO] + "
" (printf.js:11): Error sending verification email: No recipients defined
04.03.2025, 19:41:41 + "
" [INFO] + "
" (printf.js:11): Error sending verification email: No recipients defined
04.03.2025, 19:41:45 + "
" [INFO] + "
" (printf.js:11): Error sending verification email: No recipients defined
04.03.2025, 19:41:46 + "
" [INFO] + "
" (printf.js:11): Error sending verification email: No recipients defined
04.03.2025, 19:41:48 + "
" [INFO] + "
" (printf.js:11): Error sending verification email: No recipients defined
04.03.2025, 19:41:52 + "
" [INFO] + "
" (printf.js:11): Error sending verification email: No recipients defined
04.03.2025, 19:41:55 + "
" [INFO] + "
" (printf.js:11): Error sending verification email: No recipients defined
04.03.2025, 19:41:57 + "
" [INFO] + "
" (printf.js:11): Error sending verification email: No recipients defined
04.03.2025, 19:41:58 + "
" [INFO] + "
" (printf.js:11): Error sending verification email: No recipients defined
04.03.2025, 19:42:00 + "
" [INFO] + "
" (printf.js:11): Error sending verification email: No recipients defined
04.03.2025, 19:42:02 + "
" [INFO] + "
" (printf.js:11): Error sending verification email: No recipients defined
04.03.2025, 19:42:08 + "
" [INFO] + "
" (printf.js:11): Error sending verification email: No recipients defined
06.03.2025, 20:08:34 + "
" [ERROR] + "
" (printf.js:11): –û—à–∏–±–∫–∞: Unexpected token '"', ""osirisgan"... is not valid JSON
06.03.2025, 20:14:37 + "
" [ERROR] + "
" (printf.js:11): –û—à–∏–±–∫–∞: Unexpected token '"', ""osirisgan"... is not valid JSON
06.03.2025, 20:14:44 + "
" [INFO] + "
" (printf.js:11): Error sending verification email: null value in column "email" of relation "user_verifications" violates not-null constraint
06.03.2025, 20:15:21 + "
" [INFO] + "
" (printf.js:11): Error sending verification email: null value in column "email" of relation "user_verifications" violates not-null constraint
06.03.2025, 21:31:07 + "
" [ERROR] + "
" (printf.js:11): –û—à–∏–±–∫–∞: Unexpected token '"', ""osirisgan"... is not valid JSON
06.03.2025, 21:33:01 + "
" [ERROR] + "
" (printf.js:11): –û—à–∏–±–∫–∞: Unexpected token '"', ""osirisgan"... is not valid JSON
06.03.2025, 21:33:47 + "
" [ERROR] + "
" (printf.js:11): –û—à–∏–±–∫–∞: Unexpected token '"', ""osirisgan"... is not valid JSON
06.03.2025, 21:33:58 + "
" [INFO] + "
" (printf.js:11): Error sending verification email: null value in column "email" of relation "user_verifications" violates not-null constraint
06.03.2025, 21:34:30 + "
" [ERROR] + "
" (printf.js:11): –û—à–∏–±–∫–∞: Unexpected token '"', ""osirisgan"... is not valid JSON
06.03.2025, 21:34:40 + "
" [ERROR] + "
" (printf.js:11): –û—à–∏–±–∫–∞: Unexpected token '"', ""osirisgan"... is not valid JSON
06.03.2025, 21:34:45 + "
" [INFO] + "
" (printf.js:11): Error sending verification email: null value in column "email" of relation "user_verifications" violates not-null constraint
06.03.2025, 22:48:30 + "
" [ERROR] + "
" (printf.js:11): –û—à–∏–±–∫–∞: Unexpected token '"', ""osirisgan"... is not valid JSON
10.03.2025, 17:42:21 + "
" [ERROR] + "
" (printf.js:11):  (run-channelsparser) –û—à–∏–±–∫–∞ –ø—Ä–∏ –ø–∞—Ä—Å–∏–Ω–≥–µ –¥–∞–Ω–Ω—ã—Ö:  Unexpected token '–¢', "–¢–≠–≥–∏ :  [
"... is not valid JSON
10.03.2025, 17:42:45 + "
" [ERROR] + "
" (printf.js:11):  (run-channelsparser) –û—à–∏–±–∫–∞ –ø—Ä–∏ –ø–∞—Ä—Å–∏–Ω–≥–µ –¥–∞–Ω–Ω—ã—Ö:  Unexpected token '', "[
  [32m'spee"... is not valid JSON
10.03.2025, 18:07:35 + "
" [ERROR] + "
" (printf.js:11):  (sendVerificationCode) Error sending verification email: No recipients defined
10.03.2025, 18:09:56 + "
" [ERROR] + "
" (printf.js:11):  (sendVerificationCode) Error sending verification email: No recipients defined
10.03.2025, 18:09:57 + "
" [ERROR] + "
" (printf.js:11):  (sendVerificationCode) Error sending verification email: No recipients defined
10.03.2025, 18:10:09 + "
" [ERROR] + "
" (printf.js:11):  (sendVerificationCode) Error sending verification email: No recipients defined
10.03.2025, 18:10:56 + "
" [ERROR] + "
" (printf.js:11):  (sendVerificationCode) Error sending verification email: No recipients defined
13.03.2025, 19:12:56 + "
" [ERROR] + "
" (printf.js:11): –í–æ–∑–Ω–∏–∫–ª–∞ –æ—à–∏–±–∫–∞ –≤ setup.js: pool.query(...) is not a function
13.03.2025, 19:12:56 + "
" [ERROR] + "
" (printf.js:11): –í–æ–∑–Ω–∏–∫–ª–∞ –æ—à–∏–±–∫–∞ –≤ createStorageTables :  pool.query(...) is not a function
13.03.2025, 21:36:42 + "
" [ERROR] + "
" (printf.js:11):  (updateUser) –í–æ–∑–Ω–∏–∫–ª–∞ –æ—à–∏–±–∫–∞ –≤ updateUser: "newPassword" length must be at least 5 characters long
